<?xml version="1.0" encoding="UTF-8"?>
<!-- Generated by org.testng.reporters.JUnitReportReporter -->
<testsuite hostname="XtremeOnline" failures="0" tests="4" name="Day37.ParameterTest" time="1.890" errors="0" timestamp="2024-05-17T18:45:42 IST" skipped="0">
  <testcase classname="Day37.ParameterTest" name="testLogo" time="0.947"/>
  <system-out/>
  <testcase classname="Day37.ParameterTest" name="testLogo" time="0.920"/>
  <system-out/>
  <testcase classname="Day37.ParameterTest" name="testHomePageTitle" time="0.012"/>
  <system-out/>
  <testcase classname="Day37.ParameterTest" name="testHomePageTitle" time="0.011"/>
  <system-out/>
</testsuite> <!-- Day37.ParameterTest -->
