<?xml version="1.0" encoding="UTF-8"?>
<!-- Generated by org.testng.reporters.JUnitReportReporter -->
<testsuite hostname="XtremeOnline" failures="0" tests="2" name="Day36.DataproviderTestNGwithData" time="5.278" errors="0" timestamp="2024-05-08T17:37:34 IST" skipped="0">
  <testcase classname="Day36.DataproviderTestNGwithData" name="testlogin" time="3.718"/>
  <system-out/>
  <testcase classname="Day36.DataproviderTestNGwithData" name="testlogin" time="1.560"/>
  <system-out/>
</testsuite> <!-- Day36.DataproviderTestNGwithData -->
