<?xml version="1.0" encoding="UTF-8"?>
<!-- Generated by org.testng.reporters.JUnitReportReporter -->
<testsuite hostname="XtremeOnline" failures="0" tests="1" name="Day36.DataProviderDemo" time="0.000" errors="0" timestamp="2024-05-08T18:09:25 IST" skipped="1">
  <testcase classname="Day36.DataProviderDemo" name="testLogin" time="0.000">
    <skipped/>
  </testcase> <!-- testLogin -->
  <system-out/>
</testsuite> <!-- Day36.DataProviderDemo -->
