<?xml version="1.0" encoding="UTF-8"?>
<!-- Generated by org.testng.reporters.JUnitReportReporter -->
<testsuite hostname="XtremeOnline" failures="0" tests="2" name="Day34.FirstTest" time="0.010" errors="0" timestamp="2024-05-03T02:41:34 IST" skipped="0">
  <testcase classname="Day34.FirstTest" name="test2" time="0.000"/>
  <system-out/>
  <testcase classname="Day34.FirstTest" name="test1" time="0.010"/>
  <system-out/>
</testsuite> <!-- Day34.FirstTest -->
