<?xml version="1.0" encoding="UTF-8"?>
<!-- Generated by org.testng.reporters.JUnitReportReporter -->
<testsuite hostname="XtremeOnline" failures="0" tests="2" name="Day39.LoginTest" time="1.296" errors="0" timestamp="2024-05-21T01:14:57 IST" skipped="0">
  <testcase classname="Day39.LoginTest" name="testLogo" time="0.077"/>
  <system-out/>
  <testcase classname="Day39.LoginTest" name="testLogin" time="1.219"/>
  <system-out/>
</testsuite> <!-- Day39.LoginTest -->
